0 info it worked if it ends with ok
1 verbose cli [ 'C:\\Program Files\\nodejs\\node.exe',
1 verbose cli   'C:\\Program Files\\nodejs\\node_modules\\npm\\bin\\npm-cli.js',
1 verbose cli   'install',
1 verbose cli   'cordova',
1 verbose cli   'plugin',
1 verbose cli   'add',
1 verbose cli   'org.apache.cordova.geolocation' ]
2 info using npm@2.15.9
3 info using node@v4.5.0
4 verbose install initial load of C:\Users\criat\Documents\Cencal\8849-DCDM\PhoneGapProjects\GEO\geo\package.json
5 verbose readDependencies loading dependencies from C:\Users\criat\Documents\Cencal\8849-DCDM\PhoneGapProjects\GEO\geo\package.json
6 silly cache add args [ 'cordova', null ]
7 verbose cache add spec cordova
8 silly cache add args [ 'plugin', null ]
9 verbose cache add spec plugin
10 silly cache add args [ 'add', null ]
11 verbose cache add spec add
12 silly cache add args [ 'org.apache.cordova.geolocation', null ]
13 verbose cache add spec org.apache.cordova.geolocation
14 silly cache add parsed spec Result {
14 silly cache add   raw: 'cordova',
14 silly cache add   scope: null,
14 silly cache add   name: 'cordova',
14 silly cache add   rawSpec: '',
14 silly cache add   spec: 'latest',
14 silly cache add   type: 'tag' }
15 silly addNamed cordova@latest
16 verbose addNamed "latest" is being treated as a dist-tag for cordova
17 info addNameTag [ 'cordova', 'latest' ]
18 silly mapToRegistry name cordova
19 silly mapToRegistry using default registry
20 silly mapToRegistry registry https://registry.npmjs.org/
21 silly mapToRegistry data Result {
21 silly mapToRegistry   raw: 'cordova',
21 silly mapToRegistry   scope: null,
21 silly mapToRegistry   name: 'cordova',
21 silly mapToRegistry   rawSpec: '',
21 silly mapToRegistry   spec: 'latest',
21 silly mapToRegistry   type: 'tag' }
22 silly mapToRegistry uri https://registry.npmjs.org/cordova
23 verbose addNameTag registry:https://registry.npmjs.org/cordova not in flight; fetching
24 silly cache add parsed spec Result {
24 silly cache add   raw: 'plugin',
24 silly cache add   scope: null,
24 silly cache add   name: 'plugin',
24 silly cache add   rawSpec: '',
24 silly cache add   spec: 'latest',
24 silly cache add   type: 'tag' }
25 silly addNamed plugin@latest
26 verbose addNamed "latest" is being treated as a dist-tag for plugin
27 info addNameTag [ 'plugin', 'latest' ]
28 silly mapToRegistry name plugin
29 silly mapToRegistry using default registry
30 silly mapToRegistry registry https://registry.npmjs.org/
31 silly mapToRegistry data Result {
31 silly mapToRegistry   raw: 'plugin',
31 silly mapToRegistry   scope: null,
31 silly mapToRegistry   name: 'plugin',
31 silly mapToRegistry   rawSpec: '',
31 silly mapToRegistry   spec: 'latest',
31 silly mapToRegistry   type: 'tag' }
32 silly mapToRegistry uri https://registry.npmjs.org/plugin
33 verbose addNameTag registry:https://registry.npmjs.org/plugin not in flight; fetching
34 silly cache add parsed spec Result {
34 silly cache add   raw: 'add',
34 silly cache add   scope: null,
34 silly cache add   name: 'add',
34 silly cache add   rawSpec: '',
34 silly cache add   spec: 'latest',
34 silly cache add   type: 'tag' }
35 silly addNamed add@latest
36 verbose addNamed "latest" is being treated as a dist-tag for add
37 info addNameTag [ 'add', 'latest' ]
38 silly mapToRegistry name add
39 silly mapToRegistry using default registry
40 silly mapToRegistry registry https://registry.npmjs.org/
41 silly mapToRegistry data Result {
41 silly mapToRegistry   raw: 'add',
41 silly mapToRegistry   scope: null,
41 silly mapToRegistry   name: 'add',
41 silly mapToRegistry   rawSpec: '',
41 silly mapToRegistry   spec: 'latest',
41 silly mapToRegistry   type: 'tag' }
42 silly mapToRegistry uri https://registry.npmjs.org/add
43 verbose addNameTag registry:https://registry.npmjs.org/add not in flight; fetching
44 silly cache add parsed spec Result {
44 silly cache add   raw: 'org.apache.cordova.geolocation',
44 silly cache add   scope: null,
44 silly cache add   name: 'org.apache.cordova.geolocation',
44 silly cache add   rawSpec: '',
44 silly cache add   spec: 'latest',
44 silly cache add   type: 'tag' }
45 silly addNamed org.apache.cordova.geolocation@latest
46 verbose addNamed "latest" is being treated as a dist-tag for org.apache.cordova.geolocation
47 info addNameTag [ 'org.apache.cordova.geolocation', 'latest' ]
48 silly mapToRegistry name org.apache.cordova.geolocation
49 silly mapToRegistry using default registry
50 silly mapToRegistry registry https://registry.npmjs.org/
51 silly mapToRegistry data Result {
51 silly mapToRegistry   raw: 'org.apache.cordova.geolocation',
51 silly mapToRegistry   scope: null,
51 silly mapToRegistry   name: 'org.apache.cordova.geolocation',
51 silly mapToRegistry   rawSpec: '',
51 silly mapToRegistry   spec: 'latest',
51 silly mapToRegistry   type: 'tag' }
52 silly mapToRegistry uri https://registry.npmjs.org/org.apache.cordova.geolocation
53 verbose addNameTag registry:https://registry.npmjs.org/org.apache.cordova.geolocation not in flight; fetching
54 verbose request uri https://registry.npmjs.org/plugin
55 verbose request no auth needed
56 info attempt registry request try #1 at 18:55:33
57 verbose request id bee7c67c997a878f
58 http request GET https://registry.npmjs.org/plugin
59 verbose request uri https://registry.npmjs.org/add
60 verbose request no auth needed
61 info attempt registry request try #1 at 18:55:33
62 http request GET https://registry.npmjs.org/add
63 verbose request uri https://registry.npmjs.org/org.apache.cordova.geolocation
64 verbose request no auth needed
65 info attempt registry request try #1 at 18:55:33
66 http request GET https://registry.npmjs.org/org.apache.cordova.geolocation
67 verbose request uri https://registry.npmjs.org/cordova
68 verbose request no auth needed
69 info attempt registry request try #1 at 18:55:33
70 verbose etag "9U8BMR2VBBW4JXASIYLHNX8B5"
71 http request GET https://registry.npmjs.org/cordova
72 http 304 https://registry.npmjs.org/cordova
73 verbose headers { date: 'Mon, 19 Sep 2016 17:55:00 GMT',
73 verbose headers   via: '1.1 varnish',
73 verbose headers   'cache-control': 'max-age=300',
73 verbose headers   etag: '"9U8BMR2VBBW4JXASIYLHNX8B5"',
73 verbose headers   age: '287',
73 verbose headers   connection: 'keep-alive',
73 verbose headers   'x-served-by': 'cache-bma7029-BMA',
73 verbose headers   'x-cache': 'HIT',
73 verbose headers   'x-cache-hits': '1',
73 verbose headers   'x-timer': 'S1474307700.709130,VS0,VE0',
73 verbose headers   vary: 'Accept-Encoding' }
74 silly get cb [ 304,
74 silly get   { date: 'Mon, 19 Sep 2016 17:55:00 GMT',
74 silly get     via: '1.1 varnish',
74 silly get     'cache-control': 'max-age=300',
74 silly get     etag: '"9U8BMR2VBBW4JXASIYLHNX8B5"',
74 silly get     age: '287',
74 silly get     connection: 'keep-alive',
74 silly get     'x-served-by': 'cache-bma7029-BMA',
74 silly get     'x-cache': 'HIT',
74 silly get     'x-cache-hits': '1',
74 silly get     'x-timer': 'S1474307700.709130,VS0,VE0',
74 silly get     vary: 'Accept-Encoding' } ]
75 verbose etag https://registry.npmjs.org/cordova from cache
76 verbose get saving cordova to C:\Users\criat\AppData\Roaming\npm-cache\registry.npmjs.org\cordova\.cache.json
77 verbose correctMkdir C:\Users\criat\AppData\Roaming\npm-cache correctMkdir not in flight; initializing
78 silly addNameTag next cb for cordova with tag latest
79 silly addNamed cordova@6.3.1
80 verbose addNamed "6.3.1" is a plain semver version for cordova
81 silly cache afterAdd cordova@6.3.1
82 verbose afterAdd C:\Users\criat\AppData\Roaming\npm-cache\cordova\6.3.1\package\package.json not in flight; writing
83 verbose correctMkdir C:\Users\criat\AppData\Roaming\npm-cache correctMkdir not in flight; initializing
84 verbose afterAdd C:\Users\criat\AppData\Roaming\npm-cache\cordova\6.3.1\package\package.json written
85 http 200 https://registry.npmjs.org/plugin
86 verbose headers { server: 'CouchDB/1.5.0 (Erlang OTP/R16B03)',
86 verbose headers   etag: '"QOJIYN5PKZHUIJIJTZ1TFWPO"',
86 verbose headers   'content-type': 'application/json',
86 verbose headers   'content-encoding': 'gzip',
86 verbose headers   'cache-control': 'max-age=300',
86 verbose headers   'content-length': '3201',
86 verbose headers   'accept-ranges': 'bytes',
86 verbose headers   date: 'Mon, 19 Sep 2016 17:55:00 GMT',
86 verbose headers   via: '1.1 varnish',
86 verbose headers   age: '0',
86 verbose headers   connection: 'keep-alive',
86 verbose headers   'x-served-by': 'cache-bma7021-BMA',
86 verbose headers   'x-cache': 'MISS',
86 verbose headers   'x-cache-hits': '0',
86 verbose headers   'x-timer': 'S1474307700.706590,VS0,VE135',
86 verbose headers   vary: 'Accept-Encoding' }
87 silly get cb [ 200,
87 silly get   { server: 'CouchDB/1.5.0 (Erlang OTP/R16B03)',
87 silly get     etag: '"QOJIYN5PKZHUIJIJTZ1TFWPO"',
87 silly get     'content-type': 'application/json',
87 silly get     'content-encoding': 'gzip',
87 silly get     'cache-control': 'max-age=300',
87 silly get     'content-length': '3201',
87 silly get     'accept-ranges': 'bytes',
87 silly get     date: 'Mon, 19 Sep 2016 17:55:00 GMT',
87 silly get     via: '1.1 varnish',
87 silly get     age: '0',
87 silly get     connection: 'keep-alive',
87 silly get     'x-served-by': 'cache-bma7021-BMA',
87 silly get     'x-cache': 'MISS',
87 silly get     'x-cache-hits': '0',
87 silly get     'x-timer': 'S1474307700.706590,VS0,VE135',
87 silly get     vary: 'Accept-Encoding' } ]
88 verbose get saving plugin to C:\Users\criat\AppData\Roaming\npm-cache\registry.npmjs.org\plugin\.cache.json
89 verbose correctMkdir C:\Users\criat\AppData\Roaming\npm-cache correctMkdir not in flight; initializing
90 http 200 https://registry.npmjs.org/add
91 verbose headers { server: 'CouchDB/1.5.0 (Erlang OTP/R16B03)',
91 verbose headers   etag: '"6L0ATKRK62R1BGT51Z77BI172"',
91 verbose headers   'content-type': 'application/json',
91 verbose headers   'content-encoding': 'gzip',
91 verbose headers   'cache-control': 'max-age=300',
91 verbose headers   'content-length': '2837',
91 verbose headers   'accept-ranges': 'bytes',
91 verbose headers   date: 'Mon, 19 Sep 2016 17:55:00 GMT',
91 verbose headers   via: '1.1 varnish',
91 verbose headers   age: '0',
91 verbose headers   connection: 'keep-alive',
91 verbose headers   'x-served-by': 'cache-bma7029-BMA',
91 verbose headers   'x-cache': 'MISS',
91 verbose headers   'x-cache-hits': '0',
91 verbose headers   'x-timer': 'S1474307700.724651,VS0,VE128',
91 verbose headers   vary: 'Accept-Encoding' }
92 silly get cb [ 200,
92 silly get   { server: 'CouchDB/1.5.0 (Erlang OTP/R16B03)',
92 silly get     etag: '"6L0ATKRK62R1BGT51Z77BI172"',
92 silly get     'content-type': 'application/json',
92 silly get     'content-encoding': 'gzip',
92 silly get     'cache-control': 'max-age=300',
92 silly get     'content-length': '2837',
92 silly get     'accept-ranges': 'bytes',
92 silly get     date: 'Mon, 19 Sep 2016 17:55:00 GMT',
92 silly get     via: '1.1 varnish',
92 silly get     age: '0',
92 silly get     connection: 'keep-alive',
92 silly get     'x-served-by': 'cache-bma7029-BMA',
92 silly get     'x-cache': 'MISS',
92 silly get     'x-cache-hits': '0',
92 silly get     'x-timer': 'S1474307700.724651,VS0,VE128',
92 silly get     vary: 'Accept-Encoding' } ]
93 verbose get saving add to C:\Users\criat\AppData\Roaming\npm-cache\registry.npmjs.org\add\.cache.json
94 verbose correctMkdir C:\Users\criat\AppData\Roaming\npm-cache correctMkdir not in flight; initializing
95 silly addNameTag next cb for plugin with tag latest
96 silly addNamed plugin@0.3.3
97 verbose addNamed "0.3.3" is a plain semver version for plugin
98 silly mapToRegistry name plugin
99 silly mapToRegistry using default registry
100 silly mapToRegistry registry https://registry.npmjs.org/
101 silly mapToRegistry data Result {
101 silly mapToRegistry   raw: 'plugin',
101 silly mapToRegistry   scope: null,
101 silly mapToRegistry   name: 'plugin',
101 silly mapToRegistry   rawSpec: '',
101 silly mapToRegistry   spec: 'latest',
101 silly mapToRegistry   type: 'tag' }
102 silly mapToRegistry uri https://registry.npmjs.org/plugin
103 verbose addRemoteTarball https://registry.npmjs.org/plugin/-/plugin-0.3.3.tgz not in flight; adding
104 verbose addRemoteTarball [ 'https://registry.npmjs.org/plugin/-/plugin-0.3.3.tgz',
104 verbose addRemoteTarball   '09140a624f1754db3a833611a988ca6e474eeee1' ]
105 info retry fetch attempt 1 at 18:55:34
106 info attempt registry request try #1 at 18:55:34
107 http fetch GET https://registry.npmjs.org/plugin/-/plugin-0.3.3.tgz
108 silly addNameTag next cb for add with tag latest
109 silly addNamed add@2.0.6
110 verbose addNamed "2.0.6" is a plain semver version for add
111 silly mapToRegistry name add
112 silly mapToRegistry using default registry
113 silly mapToRegistry registry https://registry.npmjs.org/
114 silly mapToRegistry data Result {
114 silly mapToRegistry   raw: 'add',
114 silly mapToRegistry   scope: null,
114 silly mapToRegistry   name: 'add',
114 silly mapToRegistry   rawSpec: '',
114 silly mapToRegistry   spec: 'latest',
114 silly mapToRegistry   type: 'tag' }
115 silly mapToRegistry uri https://registry.npmjs.org/add
116 verbose addRemoteTarball https://registry.npmjs.org/add/-/add-2.0.6.tgz not in flight; adding
117 verbose addRemoteTarball [ 'https://registry.npmjs.org/add/-/add-2.0.6.tgz',
117 verbose addRemoteTarball   '248f0a9f6e5a528ef2295dbeec30532130ae2235' ]
118 info retry fetch attempt 1 at 18:55:34
119 info attempt registry request try #1 at 18:55:34
120 http fetch GET https://registry.npmjs.org/add/-/add-2.0.6.tgz
121 http fetch 200 https://registry.npmjs.org/plugin/-/plugin-0.3.3.tgz
122 http fetch 200 https://registry.npmjs.org/add/-/add-2.0.6.tgz
123 silly fetchAndShaCheck shasum 09140a624f1754db3a833611a988ca6e474eeee1
124 silly fetchAndShaCheck shasum 248f0a9f6e5a528ef2295dbeec30532130ae2235
125 verbose addTmpTarball C:\Users\criat\AppData\Local\Temp\npm-9636-faf71ebe\registry.npmjs.org\plugin\-\plugin-0.3.3.tgz not in flight; adding
126 verbose addTmpTarball already have metadata; skipping unpack for plugin@0.3.3
127 verbose correctMkdir C:\Users\criat\AppData\Roaming\npm-cache correctMkdir not in flight; initializing
128 verbose addTmpTarball C:\Users\criat\AppData\Local\Temp\npm-9636-faf71ebe\registry.npmjs.org\add\-\add-2.0.6.tgz not in flight; adding
129 verbose addTmpTarball already have metadata; skipping unpack for add@2.0.6
130 verbose correctMkdir C:\Users\criat\AppData\Roaming\npm-cache correctMkdir not in flight; initializing
131 silly cache afterAdd add@2.0.6
132 verbose afterAdd C:\Users\criat\AppData\Roaming\npm-cache\add\2.0.6\package\package.json not in flight; writing
133 verbose correctMkdir C:\Users\criat\AppData\Roaming\npm-cache correctMkdir not in flight; initializing
134 silly cache afterAdd plugin@0.3.3
135 verbose afterAdd C:\Users\criat\AppData\Roaming\npm-cache\plugin\0.3.3\package\package.json not in flight; writing
136 verbose correctMkdir C:\Users\criat\AppData\Roaming\npm-cache correctMkdir not in flight; initializing
137 verbose afterAdd C:\Users\criat\AppData\Roaming\npm-cache\add\2.0.6\package\package.json written
138 verbose afterAdd C:\Users\criat\AppData\Roaming\npm-cache\plugin\0.3.3\package\package.json written
139 http 404 https://registry.npmjs.org/org.apache.cordova.geolocation
140 verbose headers { 'content-type': 'application/json',
140 verbose headers   'cache-control': 'max-age=0',
140 verbose headers   'content-length': '2',
140 verbose headers   'accept-ranges': 'bytes',
140 verbose headers   date: 'Mon, 19 Sep 2016 17:55:01 GMT',
140 verbose headers   via: '1.1 varnish',
140 verbose headers   age: '0',
140 verbose headers   connection: 'keep-alive',
140 verbose headers   'x-served-by': 'cache-bma7026-BMA',
140 verbose headers   'x-cache': 'MISS',
140 verbose headers   'x-cache-hits': '0',
140 verbose headers   'x-timer': 'S1474307700.701681,VS0,VE475',
140 verbose headers   vary: 'Accept-Encoding' }
141 silly get cb [ 404,
141 silly get   { 'content-type': 'application/json',
141 silly get     'cache-control': 'max-age=0',
141 silly get     'content-length': '2',
141 silly get     'accept-ranges': 'bytes',
141 silly get     date: 'Mon, 19 Sep 2016 17:55:01 GMT',
141 silly get     via: '1.1 varnish',
141 silly get     age: '0',
141 silly get     connection: 'keep-alive',
141 silly get     'x-served-by': 'cache-bma7026-BMA',
141 silly get     'x-cache': 'MISS',
141 silly get     'x-cache-hits': '0',
141 silly get     'x-timer': 'S1474307700.701681,VS0,VE475',
141 silly get     vary: 'Accept-Encoding' } ]
142 verbose stack Error: Registry returned 404 for GET on https://registry.npmjs.org/org.apache.cordova.geolocation
142 verbose stack     at makeError (C:\Program Files\nodejs\node_modules\npm\node_modules\npm-registry-client\lib\request.js:264:12)
142 verbose stack     at CachingRegistryClient.<anonymous> (C:\Program Files\nodejs\node_modules\npm\node_modules\npm-registry-client\lib\request.js:242:14)
142 verbose stack     at Request._callback (C:\Program Files\nodejs\node_modules\npm\node_modules\npm-registry-client\lib\request.js:172:14)
142 verbose stack     at Request.self.callback (C:\Program Files\nodejs\node_modules\npm\node_modules\request\request.js:200:22)
142 verbose stack     at emitTwo (events.js:87:13)
142 verbose stack     at Request.emit (events.js:172:7)
142 verbose stack     at Request.<anonymous> (C:\Program Files\nodejs\node_modules\npm\node_modules\request\request.js:1067:10)
142 verbose stack     at emitOne (events.js:82:20)
142 verbose stack     at Request.emit (events.js:169:7)
142 verbose stack     at IncomingMessage.<anonymous> (C:\Program Files\nodejs\node_modules\npm\node_modules\request\request.js:988:12)
143 verbose statusCode 404
144 verbose pkgid org.apache.cordova.geolocation
145 verbose cwd C:\Users\criat\Documents\Cencal\8849-DCDM\PhoneGapProjects\GEO\geo
146 error Windows_NT 10.0.10586
147 error argv "C:\\Program Files\\nodejs\\node.exe" "C:\\Program Files\\nodejs\\node_modules\\npm\\bin\\npm-cli.js" "install" "cordova" "plugin" "add" "org.apache.cordova.geolocation"
148 error node v4.5.0
149 error npm  v2.15.9
150 error code E404
151 error 404 Registry returned 404 for GET on https://registry.npmjs.org/org.apache.cordova.geolocation
151 error 404
151 error 404 'org.apache.cordova.geolocation' is not in the npm registry.
151 error 404 You should bug the author to publish it (or use the name yourself!)
151 error 404
151 error 404 Note that you can also install from a
151 error 404 tarball, folder, http url, or git url.
152 verbose exit [ 1, true ]
